Compiling the C compiler identification source file "CMakeCCompilerId.c" failed.
Compiler: /usr/local/bin/i386-elf-gcc 
Build flags: 
Id flags:  

The output was:
1
/usr/local/opt/i386-elf-binutils/bin/i386-elf-ld: cannot find crt0.o: No such file or directory
/usr/local/opt/i386-elf-binutils/bin/i386-elf-ld: cannot find -lc
collect2: error: ld returned 1 exit status


Compiling the CXX compiler identification source file "CMakeCXXCompilerId.cpp" failed.
Compiler: /usr/local/bin/i386-elf-g++ 
Build flags: 
Id flags:  

The output was:
1
/usr/local/opt/i386-elf-binutils/bin/i386-elf-ld: cannot find crt0.o: No such file or directory
/usr/local/opt/i386-elf-binutils/bin/i386-elf-ld: cannot find -lstdc++
/usr/local/opt/i386-elf-binutils/bin/i386-elf-ld: cannot find -lm
/usr/local/opt/i386-elf-binutils/bin/i386-elf-ld: cannot find -lc
collect2: error: ld returned 1 exit status


Determining if the C compiler works failed with the following output:
Change Dir: /Users/chaoyang/Work/x/kernel/cmake-build-debug/CMakeFiles/CMakeTmp

Run Build Command:"/usr/local/bin/gmake" "cmTC_4519d/fast"
/usr/local/bin/gmake -f CMakeFiles/cmTC_4519d.dir/build.make CMakeFiles/cmTC_4519d.dir/build
gmake[1]: Entering directory '/Users/chaoyang/Work/x/kernel/cmake-build-debug/CMakeFiles/CMakeTmp'
Building C object CMakeFiles/cmTC_4519d.dir/testCCompiler.c.o
/usr/local/bin/i386-elf-gcc   -isysroot /Applications/Xcode.app/Contents/Developer/Platforms/MacOSX.platform/Developer/SDKs/MacOSX10.14.sdk   -o CMakeFiles/cmTC_4519d.dir/testCCompiler.c.o   -c /Users/chaoyang/Work/x/kernel/cmake-build-debug/CMakeFiles/CMakeTmp/testCCompiler.c
Linking C executable cmTC_4519d
"/Users/chaoyang/Library/Application Support/JetBrains/Toolbox/apps/CLion/ch-0/191.6183.77/CLion.app/Contents/bin/cmake/mac/bin/cmake" -E cmake_link_script CMakeFiles/cmTC_4519d.dir/link.txt --verbose=1
/usr/local/bin/i386-elf-gcc   -isysroot /Applications/Xcode.app/Contents/Developer/Platforms/MacOSX.platform/Developer/SDKs/MacOSX10.14.sdk -Wl,-search_paths_first -Wl,-headerpad_max_install_names -L/usr/local/opt/libressl/lib  CMakeFiles/cmTC_4519d.dir/testCCompiler.c.o  -o cmTC_4519d 
/usr/local/opt/i386-elf-binutils/bin/i386-elf-ld: cannot find crt0.o: No such file or directory
/usr/local/opt/i386-elf-binutils/bin/i386-elf-ld: cannot find -lc
collect2: error: ld returned 1 exit status
gmake[1]: *** [CMakeFiles/cmTC_4519d.dir/build.make:87: cmTC_4519d] Error 1
gmake[1]: Leaving directory '/Users/chaoyang/Work/x/kernel/cmake-build-debug/CMakeFiles/CMakeTmp'
gmake: *** [Makefile:121: cmTC_4519d/fast] Error 2


Compiling the C compiler identification source file "CMakeCCompilerId.c" failed.
Compiler: /usr/local/bin/i386-elf-gcc 
Build flags: 
Id flags:  

The output was:
1
/usr/local/opt/i386-elf-binutils/bin/i386-elf-ld: cannot find crt0.o: No such file or directory
/usr/local/opt/i386-elf-binutils/bin/i386-elf-ld: cannot find -lc
collect2: error: ld returned 1 exit status


Compiling the CXX compiler identification source file "CMakeCXXCompilerId.cpp" failed.
Compiler: /usr/local/bin/i386-elf-g++ 
Build flags: 
Id flags:  

The output was:
1
/usr/local/opt/i386-elf-binutils/bin/i386-elf-ld: cannot find crt0.o: No such file or directory
/usr/local/opt/i386-elf-binutils/bin/i386-elf-ld: cannot find -lstdc++
/usr/local/opt/i386-elf-binutils/bin/i386-elf-ld: cannot find -lm
/usr/local/opt/i386-elf-binutils/bin/i386-elf-ld: cannot find -lc
collect2: error: ld returned 1 exit status


Determining if the C compiler works failed with the following output:
Change Dir: /Users/chaoyang/Work/x/kernel/cmake-build-debug/CMakeFiles/CMakeTmp

Run Build Command:"/usr/local/bin/gmake" "cmTC_0c9c2/fast"
/usr/local/bin/gmake -f CMakeFiles/cmTC_0c9c2.dir/build.make CMakeFiles/cmTC_0c9c2.dir/build
gmake[1]: Entering directory '/Users/chaoyang/Work/x/kernel/cmake-build-debug/CMakeFiles/CMakeTmp'
Building C object CMakeFiles/cmTC_0c9c2.dir/testCCompiler.c.o
/usr/local/bin/i386-elf-gcc   -isysroot /Applications/Xcode.app/Contents/Developer/Platforms/MacOSX.platform/Developer/SDKs/MacOSX10.14.sdk   -o CMakeFiles/cmTC_0c9c2.dir/testCCompiler.c.o   -c /Users/chaoyang/Work/x/kernel/cmake-build-debug/CMakeFiles/CMakeTmp/testCCompiler.c
Linking C executable cmTC_0c9c2
"/Users/chaoyang/Library/Application Support/JetBrains/Toolbox/apps/CLion/ch-0/191.6183.77/CLion.app/Contents/bin/cmake/mac/bin/cmake" -E cmake_link_script CMakeFiles/cmTC_0c9c2.dir/link.txt --verbose=1
/usr/local/bin/i386-elf-gcc   -isysroot /Applications/Xcode.app/Contents/Developer/Platforms/MacOSX.platform/Developer/SDKs/MacOSX10.14.sdk -Wl,-search_paths_first -Wl,-headerpad_max_install_names -L/usr/local/opt/libressl/lib  CMakeFiles/cmTC_0c9c2.dir/testCCompiler.c.o  -o cmTC_0c9c2 
/usr/local/opt/i386-elf-binutils/bin/i386-elf-ld: cannot find crt0.o: No such file or directory
/usr/local/opt/i386-elf-binutils/bin/i386-elf-ld: cannot find -lc
collect2: error: ld returned 1 exit status
gmake[1]: *** [CMakeFiles/cmTC_0c9c2.dir/build.make:87: cmTC_0c9c2] Error 1
gmake[1]: Leaving directory '/Users/chaoyang/Work/x/kernel/cmake-build-debug/CMakeFiles/CMakeTmp'
gmake: *** [Makefile:121: cmTC_0c9c2/fast] Error 2


Compiling the C compiler identification source file "CMakeCCompilerId.c" failed.
Compiler: /usr/local/bin/i386-elf-gcc 
Build flags: 
Id flags:  

The output was:
1
/usr/local/opt/i386-elf-binutils/bin/i386-elf-ld: cannot find crt0.o: No such file or directory
/usr/local/opt/i386-elf-binutils/bin/i386-elf-ld: cannot find -lc
collect2: error: ld returned 1 exit status


Compiling the CXX compiler identification source file "CMakeCXXCompilerId.cpp" failed.
Compiler: /usr/local/bin/i386-elf-g++ 
Build flags: 
Id flags:  

The output was:
1
/usr/local/opt/i386-elf-binutils/bin/i386-elf-ld: cannot find crt0.o: No such file or directory
/usr/local/opt/i386-elf-binutils/bin/i386-elf-ld: cannot find -lstdc++
/usr/local/opt/i386-elf-binutils/bin/i386-elf-ld: cannot find -lm
/usr/local/opt/i386-elf-binutils/bin/i386-elf-ld: cannot find -lc
collect2: error: ld returned 1 exit status


Determining if the C compiler works failed with the following output:
Change Dir: /Users/chaoyang/Work/x/kernel/cmake-build-debug/CMakeFiles/CMakeTmp

Run Build Command:"/usr/local/bin/gmake" "cmTC_51d2d/fast"
/usr/local/bin/gmake -f CMakeFiles/cmTC_51d2d.dir/build.make CMakeFiles/cmTC_51d2d.dir/build
gmake[1]: Entering directory '/Users/chaoyang/Work/x/kernel/cmake-build-debug/CMakeFiles/CMakeTmp'
Building C object CMakeFiles/cmTC_51d2d.dir/testCCompiler.c.o
/usr/local/bin/i386-elf-gcc   -isysroot /Applications/Xcode.app/Contents/Developer/Platforms/MacOSX.platform/Developer/SDKs/MacOSX10.14.sdk   -o CMakeFiles/cmTC_51d2d.dir/testCCompiler.c.o   -c /Users/chaoyang/Work/x/kernel/cmake-build-debug/CMakeFiles/CMakeTmp/testCCompiler.c
Linking C executable cmTC_51d2d
"/Users/chaoyang/Library/Application Support/JetBrains/Toolbox/apps/CLion/ch-0/191.6183.77/CLion.app/Contents/bin/cmake/mac/bin/cmake" -E cmake_link_script CMakeFiles/cmTC_51d2d.dir/link.txt --verbose=1
/usr/local/bin/i386-elf-gcc   -isysroot /Applications/Xcode.app/Contents/Developer/Platforms/MacOSX.platform/Developer/SDKs/MacOSX10.14.sdk -Wl,-search_paths_first -Wl,-headerpad_max_install_names -L/usr/local/opt/libressl/lib  CMakeFiles/cmTC_51d2d.dir/testCCompiler.c.o  -o cmTC_51d2d 
/usr/local/opt/i386-elf-binutils/bin/i386-elf-ld: cannot find crt0.o: No such file or directory
/usr/local/opt/i386-elf-binutils/bin/i386-elf-ld: cannot find -lc
collect2: error: ld returned 1 exit status
gmake[1]: *** [CMakeFiles/cmTC_51d2d.dir/build.make:87: cmTC_51d2d] Error 1
gmake[1]: Leaving directory '/Users/chaoyang/Work/x/kernel/cmake-build-debug/CMakeFiles/CMakeTmp'
gmake: *** [Makefile:121: cmTC_51d2d/fast] Error 2


Compiling the C compiler identification source file "CMakeCCompilerId.c" failed.
Compiler: /usr/local/bin/i386-elf-gcc 
Build flags: 
Id flags:  

The output was:
1
/usr/local/opt/i386-elf-binutils/bin/i386-elf-ld: cannot find crt0.o: No such file or directory
/usr/local/opt/i386-elf-binutils/bin/i386-elf-ld: cannot find -lc
collect2: error: ld returned 1 exit status


Compiling the CXX compiler identification source file "CMakeCXXCompilerId.cpp" failed.
Compiler: /usr/local/bin/i386-elf-g++ 
Build flags: 
Id flags:  

The output was:
1
/usr/local/opt/i386-elf-binutils/bin/i386-elf-ld: cannot find crt0.o: No such file or directory
/usr/local/opt/i386-elf-binutils/bin/i386-elf-ld: cannot find -lstdc++
/usr/local/opt/i386-elf-binutils/bin/i386-elf-ld: cannot find -lm
/usr/local/opt/i386-elf-binutils/bin/i386-elf-ld: cannot find -lc
collect2: error: ld returned 1 exit status


Determining if the C compiler works failed with the following output:
Change Dir: /Users/chaoyang/Work/x/kernel/cmake-build-debug/CMakeFiles/CMakeTmp

Run Build Command:"/usr/local/bin/gmake" "cmTC_4268f/fast"
/usr/local/bin/gmake -f CMakeFiles/cmTC_4268f.dir/build.make CMakeFiles/cmTC_4268f.dir/build
gmake[1]: Entering directory '/Users/chaoyang/Work/x/kernel/cmake-build-debug/CMakeFiles/CMakeTmp'
Building C object CMakeFiles/cmTC_4268f.dir/testCCompiler.c.o
/usr/local/bin/i386-elf-gcc   -isysroot /Applications/Xcode.app/Contents/Developer/Platforms/MacOSX.platform/Developer/SDKs/MacOSX10.14.sdk   -o CMakeFiles/cmTC_4268f.dir/testCCompiler.c.o   -c /Users/chaoyang/Work/x/kernel/cmake-build-debug/CMakeFiles/CMakeTmp/testCCompiler.c
Linking C executable cmTC_4268f
"/Users/chaoyang/Library/Application Support/JetBrains/Toolbox/apps/CLion/ch-0/191.6183.77/CLion.app/Contents/bin/cmake/mac/bin/cmake" -E cmake_link_script CMakeFiles/cmTC_4268f.dir/link.txt --verbose=1
/usr/local/bin/i386-elf-gcc   -isysroot /Applications/Xcode.app/Contents/Developer/Platforms/MacOSX.platform/Developer/SDKs/MacOSX10.14.sdk -Wl,-search_paths_first -Wl,-headerpad_max_install_names -L/usr/local/opt/libressl/lib  CMakeFiles/cmTC_4268f.dir/testCCompiler.c.o  -o cmTC_4268f 
/usr/local/opt/i386-elf-binutils/bin/i386-elf-ld: cannot find crt0.o: No such file or directory
/usr/local/opt/i386-elf-binutils/bin/i386-elf-ld: cannot find -lc
collect2: error: ld returned 1 exit status
gmake[1]: *** [CMakeFiles/cmTC_4268f.dir/build.make:87: cmTC_4268f] Error 1
gmake[1]: Leaving directory '/Users/chaoyang/Work/x/kernel/cmake-build-debug/CMakeFiles/CMakeTmp'
gmake: *** [Makefile:121: cmTC_4268f/fast] Error 2


Compiling the C compiler identification source file "CMakeCCompilerId.c" failed.
Compiler: /usr/local/bin/i386-elf-gcc 
Build flags: 
Id flags:  

The output was:
1
/usr/local/opt/i386-elf-binutils/bin/i386-elf-ld: cannot find crt0.o: No such file or directory
/usr/local/opt/i386-elf-binutils/bin/i386-elf-ld: cannot find -lc
collect2: error: ld returned 1 exit status


Compiling the CXX compiler identification source file "CMakeCXXCompilerId.cpp" failed.
Compiler: /usr/local/bin/i386-elf-g++ 
Build flags: 
Id flags:  

The output was:
1
/usr/local/opt/i386-elf-binutils/bin/i386-elf-ld: cannot find crt0.o: No such file or directory
/usr/local/opt/i386-elf-binutils/bin/i386-elf-ld: cannot find -lstdc++
/usr/local/opt/i386-elf-binutils/bin/i386-elf-ld: cannot find -lm
/usr/local/opt/i386-elf-binutils/bin/i386-elf-ld: cannot find -lc
collect2: error: ld returned 1 exit status


Determining if the C compiler works failed with the following output:
Change Dir: /Users/chaoyang/Work/x/kernel/cmake-build-debug/CMakeFiles/CMakeTmp

Run Build Command:"/usr/local/bin/gmake" "cmTC_242ee/fast"
/usr/local/bin/gmake -f CMakeFiles/cmTC_242ee.dir/build.make CMakeFiles/cmTC_242ee.dir/build
gmake[1]: Entering directory '/Users/chaoyang/Work/x/kernel/cmake-build-debug/CMakeFiles/CMakeTmp'
Building C object CMakeFiles/cmTC_242ee.dir/testCCompiler.c.o
/usr/local/bin/i386-elf-gcc   -isysroot /Applications/Xcode.app/Contents/Developer/Platforms/MacOSX.platform/Developer/SDKs/MacOSX10.14.sdk   -o CMakeFiles/cmTC_242ee.dir/testCCompiler.c.o   -c /Users/chaoyang/Work/x/kernel/cmake-build-debug/CMakeFiles/CMakeTmp/testCCompiler.c
Linking C executable cmTC_242ee
"/Users/chaoyang/Library/Application Support/JetBrains/Toolbox/apps/CLion/ch-0/191.6183.77/CLion.app/Contents/bin/cmake/mac/bin/cmake" -E cmake_link_script CMakeFiles/cmTC_242ee.dir/link.txt --verbose=1
/usr/local/bin/i386-elf-gcc   -isysroot /Applications/Xcode.app/Contents/Developer/Platforms/MacOSX.platform/Developer/SDKs/MacOSX10.14.sdk -Wl,-search_paths_first -Wl,-headerpad_max_install_names -L/usr/local/opt/libressl/lib  CMakeFiles/cmTC_242ee.dir/testCCompiler.c.o  -o cmTC_242ee 
/usr/local/opt/i386-elf-binutils/bin/i386-elf-ld: cannot find crt0.o: No such file or directory
/usr/local/opt/i386-elf-binutils/bin/i386-elf-ld: cannot find -lc
collect2: error: ld returned 1 exit status
gmake[1]: *** [CMakeFiles/cmTC_242ee.dir/build.make:87: cmTC_242ee] Error 1
gmake[1]: Leaving directory '/Users/chaoyang/Work/x/kernel/cmake-build-debug/CMakeFiles/CMakeTmp'
gmake: *** [Makefile:121: cmTC_242ee/fast] Error 2


Compiling the C compiler identification source file "CMakeCCompilerId.c" failed.
Compiler: /usr/local/bin/i386-elf-gcc 
Build flags: 
Id flags:  

The output was:
1
/usr/local/opt/i386-elf-binutils/bin/i386-elf-ld: cannot find crt0.o: No such file or directory
/usr/local/opt/i386-elf-binutils/bin/i386-elf-ld: cannot find -lc
collect2: error: ld returned 1 exit status


Compiling the CXX compiler identification source file "CMakeCXXCompilerId.cpp" failed.
Compiler: /usr/local/bin/i386-elf-g++ 
Build flags: 
Id flags:  

The output was:
1
/usr/local/opt/i386-elf-binutils/bin/i386-elf-ld: cannot find crt0.o: No such file or directory
/usr/local/opt/i386-elf-binutils/bin/i386-elf-ld: cannot find -lstdc++
/usr/local/opt/i386-elf-binutils/bin/i386-elf-ld: cannot find -lm
/usr/local/opt/i386-elf-binutils/bin/i386-elf-ld: cannot find -lc
collect2: error: ld returned 1 exit status


Determining if the C compiler works failed with the following output:
Change Dir: /Users/chaoyang/Work/x/kernel/cmake-build-debug/CMakeFiles/CMakeTmp

Run Build Command:"/usr/local/bin/gmake" "cmTC_375ed/fast"
/usr/local/bin/gmake -f CMakeFiles/cmTC_375ed.dir/build.make CMakeFiles/cmTC_375ed.dir/build
gmake[1]: Entering directory '/Users/chaoyang/Work/x/kernel/cmake-build-debug/CMakeFiles/CMakeTmp'
Building C object CMakeFiles/cmTC_375ed.dir/testCCompiler.c.o
/usr/local/bin/i386-elf-gcc   -isysroot /Applications/Xcode.app/Contents/Developer/Platforms/MacOSX.platform/Developer/SDKs/MacOSX10.14.sdk   -o CMakeFiles/cmTC_375ed.dir/testCCompiler.c.o   -c /Users/chaoyang/Work/x/kernel/cmake-build-debug/CMakeFiles/CMakeTmp/testCCompiler.c
Linking C executable cmTC_375ed
"/Users/chaoyang/Library/Application Support/JetBrains/Toolbox/apps/CLion/ch-0/191.6183.77/CLion.app/Contents/bin/cmake/mac/bin/cmake" -E cmake_link_script CMakeFiles/cmTC_375ed.dir/link.txt --verbose=1
/usr/local/bin/i386-elf-gcc   -isysroot /Applications/Xcode.app/Contents/Developer/Platforms/MacOSX.platform/Developer/SDKs/MacOSX10.14.sdk -Wl,-search_paths_first -Wl,-headerpad_max_install_names -L/usr/local/opt/libressl/lib  CMakeFiles/cmTC_375ed.dir/testCCompiler.c.o  -o cmTC_375ed 
/usr/local/opt/i386-elf-binutils/bin/i386-elf-ld: cannot find crt0.o: No such file or directory
/usr/local/opt/i386-elf-binutils/bin/i386-elf-ld: cannot find -lc
collect2: error: ld returned 1 exit status
gmake[1]: *** [CMakeFiles/cmTC_375ed.dir/build.make:87: cmTC_375ed] Error 1
gmake[1]: Leaving directory '/Users/chaoyang/Work/x/kernel/cmake-build-debug/CMakeFiles/CMakeTmp'
gmake: *** [Makefile:121: cmTC_375ed/fast] Error 2


Compiling the C compiler identification source file "CMakeCCompilerId.c" failed.
Compiler: /usr/local/bin/i386-elf-gcc 
Build flags: 
Id flags:  

The output was:
1
/usr/local/opt/i386-elf-binutils/bin/i386-elf-ld: cannot find crt0.o: No such file or directory
/usr/local/opt/i386-elf-binutils/bin/i386-elf-ld: cannot find -lc
collect2: error: ld returned 1 exit status


Compiling the CXX compiler identification source file "CMakeCXXCompilerId.cpp" failed.
Compiler: /usr/local/bin/i386-elf-g++ 
Build flags: 
Id flags:  

The output was:
1
/usr/local/opt/i386-elf-binutils/bin/i386-elf-ld: cannot find crt0.o: No such file or directory
/usr/local/opt/i386-elf-binutils/bin/i386-elf-ld: cannot find -lstdc++
/usr/local/opt/i386-elf-binutils/bin/i386-elf-ld: cannot find -lm
/usr/local/opt/i386-elf-binutils/bin/i386-elf-ld: cannot find -lc
collect2: error: ld returned 1 exit status


Determining if the C compiler works failed with the following output:
Change Dir: /Users/chaoyang/Work/x/kernel/cmake-build-debug/CMakeFiles/CMakeTmp

Run Build Command:"/usr/local/bin/gmake" "cmTC_3def1/fast"
/usr/local/bin/gmake -f CMakeFiles/cmTC_3def1.dir/build.make CMakeFiles/cmTC_3def1.dir/build
gmake[1]: Entering directory '/Users/chaoyang/Work/x/kernel/cmake-build-debug/CMakeFiles/CMakeTmp'
Building C object CMakeFiles/cmTC_3def1.dir/testCCompiler.c.o
/usr/local/bin/i386-elf-gcc   -isysroot /Applications/Xcode.app/Contents/Developer/Platforms/MacOSX.platform/Developer/SDKs/MacOSX10.14.sdk   -o CMakeFiles/cmTC_3def1.dir/testCCompiler.c.o   -c /Users/chaoyang/Work/x/kernel/cmake-build-debug/CMakeFiles/CMakeTmp/testCCompiler.c
Linking C executable cmTC_3def1
"/Users/chaoyang/Library/Application Support/JetBrains/Toolbox/apps/CLion/ch-0/191.6183.77/CLion.app/Contents/bin/cmake/mac/bin/cmake" -E cmake_link_script CMakeFiles/cmTC_3def1.dir/link.txt --verbose=1
/usr/local/bin/i386-elf-gcc   -isysroot /Applications/Xcode.app/Contents/Developer/Platforms/MacOSX.platform/Developer/SDKs/MacOSX10.14.sdk -Wl,-search_paths_first -Wl,-headerpad_max_install_names -L/usr/local/opt/libressl/lib  CMakeFiles/cmTC_3def1.dir/testCCompiler.c.o  -o cmTC_3def1 
/usr/local/opt/i386-elf-binutils/bin/i386-elf-ld: cannot find crt0.o: No such file or directory
/usr/local/opt/i386-elf-binutils/bin/i386-elf-ld: cannot find -lc
collect2: error: ld returned 1 exit status
gmake[1]: *** [CMakeFiles/cmTC_3def1.dir/build.make:87: cmTC_3def1] Error 1
gmake[1]: Leaving directory '/Users/chaoyang/Work/x/kernel/cmake-build-debug/CMakeFiles/CMakeTmp'
gmake: *** [Makefile:121: cmTC_3def1/fast] Error 2


Compiling the C compiler identification source file "CMakeCCompilerId.c" failed.
Compiler: /usr/local/bin/i386-elf-gcc 
Build flags: 
Id flags:  

The output was:
1
/usr/local/opt/i386-elf-binutils/bin/i386-elf-ld: cannot find crt0.o: No such file or directory
/usr/local/opt/i386-elf-binutils/bin/i386-elf-ld: cannot find -lc
collect2: error: ld returned 1 exit status


Compiling the CXX compiler identification source file "CMakeCXXCompilerId.cpp" failed.
Compiler: /usr/local/bin/i386-elf-g++ 
Build flags: 
Id flags:  

The output was:
1
/usr/local/opt/i386-elf-binutils/bin/i386-elf-ld: cannot find crt0.o: No such file or directory
/usr/local/opt/i386-elf-binutils/bin/i386-elf-ld: cannot find -lstdc++
/usr/local/opt/i386-elf-binutils/bin/i386-elf-ld: cannot find -lm
/usr/local/opt/i386-elf-binutils/bin/i386-elf-ld: cannot find -lc
collect2: error: ld returned 1 exit status


Determining if the C compiler works failed with the following output:
Change Dir: /Users/chaoyang/Work/x/kernel/cmake-build-debug/CMakeFiles/CMakeTmp

Run Build Command:"/usr/local/bin/gmake" "cmTC_f78a3/fast"
/usr/local/bin/gmake -f CMakeFiles/cmTC_f78a3.dir/build.make CMakeFiles/cmTC_f78a3.dir/build
gmake[1]: Entering directory '/Users/chaoyang/Work/x/kernel/cmake-build-debug/CMakeFiles/CMakeTmp'
Building C object CMakeFiles/cmTC_f78a3.dir/testCCompiler.c.o
/usr/local/bin/i386-elf-gcc   -isysroot /Applications/Xcode.app/Contents/Developer/Platforms/MacOSX.platform/Developer/SDKs/MacOSX10.14.sdk   -o CMakeFiles/cmTC_f78a3.dir/testCCompiler.c.o   -c /Users/chaoyang/Work/x/kernel/cmake-build-debug/CMakeFiles/CMakeTmp/testCCompiler.c
Linking C executable cmTC_f78a3
"/Users/chaoyang/Library/Application Support/JetBrains/Toolbox/apps/CLion/ch-0/191.6183.77/CLion.app/Contents/bin/cmake/mac/bin/cmake" -E cmake_link_script CMakeFiles/cmTC_f78a3.dir/link.txt --verbose=1
/usr/local/bin/i386-elf-gcc   -isysroot /Applications/Xcode.app/Contents/Developer/Platforms/MacOSX.platform/Developer/SDKs/MacOSX10.14.sdk -Wl,-search_paths_first -Wl,-headerpad_max_install_names -L/usr/local/opt/libressl/lib  CMakeFiles/cmTC_f78a3.dir/testCCompiler.c.o  -o cmTC_f78a3 
/usr/local/opt/i386-elf-binutils/bin/i386-elf-ld: cannot find crt0.o: No such file or directory
/usr/local/opt/i386-elf-binutils/bin/i386-elf-ld: cannot find -lc
collect2: error: ld returned 1 exit status
gmake[1]: *** [CMakeFiles/cmTC_f78a3.dir/build.make:87: cmTC_f78a3] Error 1
gmake[1]: Leaving directory '/Users/chaoyang/Work/x/kernel/cmake-build-debug/CMakeFiles/CMakeTmp'
gmake: *** [Makefile:121: cmTC_f78a3/fast] Error 2


Compiling the C compiler identification source file "CMakeCCompilerId.c" failed.
Compiler: /usr/local/bin/i386-elf-gcc 
Build flags: 
Id flags:  

The output was:
1
/usr/local/opt/i386-elf-binutils/bin/i386-elf-ld: cannot find crt0.o: No such file or directory
/usr/local/opt/i386-elf-binutils/bin/i386-elf-ld: cannot find -lc
collect2: error: ld returned 1 exit status


Compiling the CXX compiler identification source file "CMakeCXXCompilerId.cpp" failed.
Compiler: /usr/local/bin/i386-elf-g++ 
Build flags: 
Id flags:  

The output was:
1
/usr/local/opt/i386-elf-binutils/bin/i386-elf-ld: cannot find crt0.o: No such file or directory
/usr/local/opt/i386-elf-binutils/bin/i386-elf-ld: cannot find -lstdc++
/usr/local/opt/i386-elf-binutils/bin/i386-elf-ld: cannot find -lm
/usr/local/opt/i386-elf-binutils/bin/i386-elf-ld: cannot find -lc
collect2: error: ld returned 1 exit status


Determining if the C compiler works failed with the following output:
Change Dir: /Users/chaoyang/Work/x/kernel/cmake-build-debug/CMakeFiles/CMakeTmp

Run Build Command:"/usr/local/bin/gmake" "cmTC_75817/fast"
/usr/local/bin/gmake -f CMakeFiles/cmTC_75817.dir/build.make CMakeFiles/cmTC_75817.dir/build
gmake[1]: Entering directory '/Users/chaoyang/Work/x/kernel/cmake-build-debug/CMakeFiles/CMakeTmp'
Building C object CMakeFiles/cmTC_75817.dir/testCCompiler.c.o
/usr/local/bin/i386-elf-gcc   -isysroot /Applications/Xcode.app/Contents/Developer/Platforms/MacOSX.platform/Developer/SDKs/MacOSX10.14.sdk   -o CMakeFiles/cmTC_75817.dir/testCCompiler.c.o   -c /Users/chaoyang/Work/x/kernel/cmake-build-debug/CMakeFiles/CMakeTmp/testCCompiler.c
Linking C executable cmTC_75817
"/Users/chaoyang/Library/Application Support/JetBrains/Toolbox/apps/CLion/ch-0/191.6183.77/CLion.app/Contents/bin/cmake/mac/bin/cmake" -E cmake_link_script CMakeFiles/cmTC_75817.dir/link.txt --verbose=1
/usr/local/bin/i386-elf-gcc   -isysroot /Applications/Xcode.app/Contents/Developer/Platforms/MacOSX.platform/Developer/SDKs/MacOSX10.14.sdk -Wl,-search_paths_first -Wl,-headerpad_max_install_names -L/usr/local/opt/libressl/lib  CMakeFiles/cmTC_75817.dir/testCCompiler.c.o  -o cmTC_75817 
/usr/local/opt/i386-elf-binutils/bin/i386-elf-ld: cannot find crt0.o: No such file or directory
/usr/local/opt/i386-elf-binutils/bin/i386-elf-ld: cannot find -lc
collect2: error: ld returned 1 exit status
gmake[1]: *** [CMakeFiles/cmTC_75817.dir/build.make:87: cmTC_75817] Error 1
gmake[1]: Leaving directory '/Users/chaoyang/Work/x/kernel/cmake-build-debug/CMakeFiles/CMakeTmp'
gmake: *** [Makefile:121: cmTC_75817/fast] Error 2


Compiling the C compiler identification source file "CMakeCCompilerId.c" failed.
Compiler: /usr/local/bin/i386-elf-gcc 
Build flags: 
Id flags:  

The output was:
1
/usr/local/opt/i386-elf-binutils/bin/i386-elf-ld: cannot find crt0.o: No such file or directory
/usr/local/opt/i386-elf-binutils/bin/i386-elf-ld: cannot find -lc
collect2: error: ld returned 1 exit status


Compiling the CXX compiler identification source file "CMakeCXXCompilerId.cpp" failed.
Compiler: /usr/local/bin/i386-elf-g++ 
Build flags: 
Id flags:  

The output was:
1
/usr/local/opt/i386-elf-binutils/bin/i386-elf-ld: cannot find crt0.o: No such file or directory
/usr/local/opt/i386-elf-binutils/bin/i386-elf-ld: cannot find -lstdc++
/usr/local/opt/i386-elf-binutils/bin/i386-elf-ld: cannot find -lm
/usr/local/opt/i386-elf-binutils/bin/i386-elf-ld: cannot find -lc
collect2: error: ld returned 1 exit status


Determining if the C compiler works failed with the following output:
Change Dir: /Users/chaoyang/Work/x/kernel/cmake-build-debug/CMakeFiles/CMakeTmp

Run Build Command:"/usr/local/bin/gmake" "cmTC_16717/fast"
/usr/local/bin/gmake -f CMakeFiles/cmTC_16717.dir/build.make CMakeFiles/cmTC_16717.dir/build
gmake[1]: Entering directory '/Users/chaoyang/Work/x/kernel/cmake-build-debug/CMakeFiles/CMakeTmp'
Building C object CMakeFiles/cmTC_16717.dir/testCCompiler.c.o
/usr/local/bin/i386-elf-gcc   -isysroot /Applications/Xcode.app/Contents/Developer/Platforms/MacOSX.platform/Developer/SDKs/MacOSX10.14.sdk   -o CMakeFiles/cmTC_16717.dir/testCCompiler.c.o   -c /Users/chaoyang/Work/x/kernel/cmake-build-debug/CMakeFiles/CMakeTmp/testCCompiler.c
Linking C executable cmTC_16717
"/Users/chaoyang/Library/Application Support/JetBrains/Toolbox/apps/CLion/ch-0/191.6183.77/CLion.app/Contents/bin/cmake/mac/bin/cmake" -E cmake_link_script CMakeFiles/cmTC_16717.dir/link.txt --verbose=1
/usr/local/bin/i386-elf-gcc   -isysroot /Applications/Xcode.app/Contents/Developer/Platforms/MacOSX.platform/Developer/SDKs/MacOSX10.14.sdk -Wl,-search_paths_first -Wl,-headerpad_max_install_names -L/usr/local/opt/libressl/lib  CMakeFiles/cmTC_16717.dir/testCCompiler.c.o  -o cmTC_16717 
/usr/local/opt/i386-elf-binutils/bin/i386-elf-ld: cannot find crt0.o: No such file or directory
/usr/local/opt/i386-elf-binutils/bin/i386-elf-ld: cannot find -lc
collect2: error: ld returned 1 exit status
gmake[1]: *** [CMakeFiles/cmTC_16717.dir/build.make:87: cmTC_16717] Error 1
gmake[1]: Leaving directory '/Users/chaoyang/Work/x/kernel/cmake-build-debug/CMakeFiles/CMakeTmp'
gmake: *** [Makefile:121: cmTC_16717/fast] Error 2


Compiling the C compiler identification source file "CMakeCCompilerId.c" failed.
Compiler: /usr/local/bin/i386-elf-gcc 
Build flags: 
Id flags:  

The output was:
1
/usr/local/opt/i386-elf-binutils/bin/i386-elf-ld: cannot find crt0.o: No such file or directory
/usr/local/opt/i386-elf-binutils/bin/i386-elf-ld: cannot find -lc
collect2: error: ld returned 1 exit status


Compiling the CXX compiler identification source file "CMakeCXXCompilerId.cpp" failed.
Compiler: /usr/local/bin/i386-elf-g++ 
Build flags: 
Id flags:  

The output was:
1
/usr/local/opt/i386-elf-binutils/bin/i386-elf-ld: cannot find crt0.o: No such file or directory
/usr/local/opt/i386-elf-binutils/bin/i386-elf-ld: cannot find -lstdc++
/usr/local/opt/i386-elf-binutils/bin/i386-elf-ld: cannot find -lm
/usr/local/opt/i386-elf-binutils/bin/i386-elf-ld: cannot find -lc
collect2: error: ld returned 1 exit status


Determining if the C compiler works failed with the following output:
Change Dir: /Users/chaoyang/Work/x/kernel/cmake-build-debug/CMakeFiles/CMakeTmp

Run Build Command:"/usr/local/bin/gmake" "cmTC_8b7d9/fast"
/usr/local/bin/gmake -f CMakeFiles/cmTC_8b7d9.dir/build.make CMakeFiles/cmTC_8b7d9.dir/build
gmake[1]: Entering directory '/Users/chaoyang/Work/x/kernel/cmake-build-debug/CMakeFiles/CMakeTmp'
Building C object CMakeFiles/cmTC_8b7d9.dir/testCCompiler.c.o
/usr/local/bin/i386-elf-gcc   -isysroot /Applications/Xcode.app/Contents/Developer/Platforms/MacOSX.platform/Developer/SDKs/MacOSX10.14.sdk   -o CMakeFiles/cmTC_8b7d9.dir/testCCompiler.c.o   -c /Users/chaoyang/Work/x/kernel/cmake-build-debug/CMakeFiles/CMakeTmp/testCCompiler.c
Linking C executable cmTC_8b7d9
"/Users/chaoyang/Library/Application Support/JetBrains/Toolbox/apps/CLion/ch-0/191.6183.77/CLion.app/Contents/bin/cmake/mac/bin/cmake" -E cmake_link_script CMakeFiles/cmTC_8b7d9.dir/link.txt --verbose=1
/usr/local/bin/i386-elf-gcc   -isysroot /Applications/Xcode.app/Contents/Developer/Platforms/MacOSX.platform/Developer/SDKs/MacOSX10.14.sdk -Wl,-search_paths_first -Wl,-headerpad_max_install_names -L/usr/local/opt/libressl/lib  CMakeFiles/cmTC_8b7d9.dir/testCCompiler.c.o  -o cmTC_8b7d9 
/usr/local/opt/i386-elf-binutils/bin/i386-elf-ld: cannot find crt0.o: No such file or directory
/usr/local/opt/i386-elf-binutils/bin/i386-elf-ld: cannot find -lc
collect2: error: ld returned 1 exit status
gmake[1]: *** [CMakeFiles/cmTC_8b7d9.dir/build.make:87: cmTC_8b7d9] Error 1
gmake[1]: Leaving directory '/Users/chaoyang/Work/x/kernel/cmake-build-debug/CMakeFiles/CMakeTmp'
gmake: *** [Makefile:121: cmTC_8b7d9/fast] Error 2


Compiling the C compiler identification source file "CMakeCCompilerId.c" failed.
Compiler: /usr/local/bin/i386-elf-gcc 
Build flags: 
Id flags:  

The output was:
1
/usr/local/opt/i386-elf-binutils/bin/i386-elf-ld: cannot find crt0.o: No such file or directory
/usr/local/opt/i386-elf-binutils/bin/i386-elf-ld: cannot find -lc
collect2: error: ld returned 1 exit status


Compiling the CXX compiler identification source file "CMakeCXXCompilerId.cpp" failed.
Compiler: /usr/local/bin/i386-elf-g++ 
Build flags: 
Id flags:  

The output was:
1
/usr/local/opt/i386-elf-binutils/bin/i386-elf-ld: cannot find crt0.o: No such file or directory
/usr/local/opt/i386-elf-binutils/bin/i386-elf-ld: cannot find -lstdc++
/usr/local/opt/i386-elf-binutils/bin/i386-elf-ld: cannot find -lm
/usr/local/opt/i386-elf-binutils/bin/i386-elf-ld: cannot find -lc
collect2: error: ld returned 1 exit status


Determining if the C compiler works failed with the following output:
Change Dir: /Users/chaoyang/Work/x/kernel/cmake-build-debug/CMakeFiles/CMakeTmp

Run Build Command:"/usr/local/bin/gmake" "cmTC_366e4/fast"
/usr/local/bin/gmake -f CMakeFiles/cmTC_366e4.dir/build.make CMakeFiles/cmTC_366e4.dir/build
gmake[1]: Entering directory '/Users/chaoyang/Work/x/kernel/cmake-build-debug/CMakeFiles/CMakeTmp'
Building C object CMakeFiles/cmTC_366e4.dir/testCCompiler.c.o
/usr/local/bin/i386-elf-gcc   -isysroot /Applications/Xcode.app/Contents/Developer/Platforms/MacOSX.platform/Developer/SDKs/MacOSX10.14.sdk   -o CMakeFiles/cmTC_366e4.dir/testCCompiler.c.o   -c /Users/chaoyang/Work/x/kernel/cmake-build-debug/CMakeFiles/CMakeTmp/testCCompiler.c
Linking C executable cmTC_366e4
"/Users/chaoyang/Library/Application Support/JetBrains/Toolbox/apps/CLion/ch-0/191.6183.77/CLion.app/Contents/bin/cmake/mac/bin/cmake" -E cmake_link_script CMakeFiles/cmTC_366e4.dir/link.txt --verbose=1
/usr/local/bin/i386-elf-gcc   -isysroot /Applications/Xcode.app/Contents/Developer/Platforms/MacOSX.platform/Developer/SDKs/MacOSX10.14.sdk -Wl,-search_paths_first -Wl,-headerpad_max_install_names -L/usr/local/opt/libressl/lib  CMakeFiles/cmTC_366e4.dir/testCCompiler.c.o  -o cmTC_366e4 
/usr/local/opt/i386-elf-binutils/bin/i386-elf-ld: cannot find crt0.o: No such file or directory
/usr/local/opt/i386-elf-binutils/bin/i386-elf-ld: cannot find -lc
collect2: error: ld returned 1 exit status
gmake[1]: *** [CMakeFiles/cmTC_366e4.dir/build.make:87: cmTC_366e4] Error 1
gmake[1]: Leaving directory '/Users/chaoyang/Work/x/kernel/cmake-build-debug/CMakeFiles/CMakeTmp'
gmake: *** [Makefile:121: cmTC_366e4/fast] Error 2


Compiling the C compiler identification source file "CMakeCCompilerId.c" failed.
Compiler: /usr/local/bin/i386-elf-gcc 
Build flags: 
Id flags:  

The output was:
1
/usr/local/opt/i386-elf-binutils/bin/i386-elf-ld: cannot find crt0.o: No such file or directory
/usr/local/opt/i386-elf-binutils/bin/i386-elf-ld: cannot find -lc
collect2: error: ld returned 1 exit status


Compiling the CXX compiler identification source file "CMakeCXXCompilerId.cpp" failed.
Compiler: /usr/local/bin/i386-elf-g++ 
Build flags: 
Id flags:  

The output was:
1
/usr/local/opt/i386-elf-binutils/bin/i386-elf-ld: cannot find crt0.o: No such file or directory
/usr/local/opt/i386-elf-binutils/bin/i386-elf-ld: cannot find -lstdc++
/usr/local/opt/i386-elf-binutils/bin/i386-elf-ld: cannot find -lm
/usr/local/opt/i386-elf-binutils/bin/i386-elf-ld: cannot find -lc
collect2: error: ld returned 1 exit status


Determining if the C compiler works failed with the following output:
Change Dir: /Users/chaoyang/Work/x/kernel/cmake-build-debug/CMakeFiles/CMakeTmp

Run Build Command:"/usr/local/bin/gmake" "cmTC_6de2f/fast"
/usr/local/bin/gmake -f CMakeFiles/cmTC_6de2f.dir/build.make CMakeFiles/cmTC_6de2f.dir/build
gmake[1]: Entering directory '/Users/chaoyang/Work/x/kernel/cmake-build-debug/CMakeFiles/CMakeTmp'
Building C object CMakeFiles/cmTC_6de2f.dir/testCCompiler.c.o
/usr/local/bin/i386-elf-gcc   -isysroot /Applications/Xcode.app/Contents/Developer/Platforms/MacOSX.platform/Developer/SDKs/MacOSX10.14.sdk   -o CMakeFiles/cmTC_6de2f.dir/testCCompiler.c.o   -c /Users/chaoyang/Work/x/kernel/cmake-build-debug/CMakeFiles/CMakeTmp/testCCompiler.c
Linking C executable cmTC_6de2f
"/Users/chaoyang/Library/Application Support/JetBrains/Toolbox/apps/CLion/ch-0/191.6183.77/CLion.app/Contents/bin/cmake/mac/bin/cmake" -E cmake_link_script CMakeFiles/cmTC_6de2f.dir/link.txt --verbose=1
/usr/local/bin/i386-elf-gcc   -isysroot /Applications/Xcode.app/Contents/Developer/Platforms/MacOSX.platform/Developer/SDKs/MacOSX10.14.sdk -Wl,-search_paths_first -Wl,-headerpad_max_install_names -L/usr/local/opt/libressl/lib  CMakeFiles/cmTC_6de2f.dir/testCCompiler.c.o  -o cmTC_6de2f 
/usr/local/opt/i386-elf-binutils/bin/i386-elf-ld: cannot find crt0.o: No such file or directory
/usr/local/opt/i386-elf-binutils/bin/i386-elf-ld: cannot find -lc
collect2: error: ld returned 1 exit status
gmake[1]: *** [CMakeFiles/cmTC_6de2f.dir/build.make:87: cmTC_6de2f] Error 1
gmake[1]: Leaving directory '/Users/chaoyang/Work/x/kernel/cmake-build-debug/CMakeFiles/CMakeTmp'
gmake: *** [Makefile:121: cmTC_6de2f/fast] Error 2


